  DB.c
C:\Users\srjsa\source\repos\DB\DB\DB.h(35,2): error C2061: syntax error: identifier 'list_t'
C:\Users\srjsa\source\repos\DB\DB\DB.h(37,1): error C2059: syntax error: '}'
C:\Users\srjsa\source\repos\DB\DB\DB.h(62,2): error C2061: syntax error: identifier 'list_t'
C:\Users\srjsa\source\repos\DB\DB\DB.h(64,1): error C2059: syntax error: '}'
C:\Users\srjsa\source\repos\DB\DB\DB.h(66,47): error C2146: syntax error: missing ')' before identifier 'columns_declaration'
C:\Users\srjsa\source\repos\DB\DB\DB.h(66,47): error C2081: 'list_t': name in formal parameter list illegal
C:\Users\srjsa\source\repos\DB\DB\DB.h(66,47): error C2061: syntax error: identifier 'columns_declaration'
C:\Users\srjsa\source\repos\DB\DB\DB.h(66,47): error C2059: syntax error: ';'
C:\Users\srjsa\source\repos\DB\DB\DB.h(66,66): error C2059: syntax error: ')'
C:\Users\srjsa\source\repos\DB\DB\DB.h(70,47): error C2146: syntax error: missing ')' before identifier 'column_values'
C:\Users\srjsa\source\repos\DB\DB\DB.h(70,47): error C2081: 'list_t': name in formal parameter list illegal
C:\Users\srjsa\source\repos\DB\DB\DB.h(70,47): error C2061: syntax error: identifier 'column_values'
C:\Users\srjsa\source\repos\DB\DB\DB.h(70,47): error C2059: syntax error: ';'
C:\Users\srjsa\source\repos\DB\DB\DB.h(70,60): error C2059: syntax error: ')'
C:\Users\srjsa\source\repos\DB\DB\DB.h(72,47): error C2146: syntax error: missing ')' before identifier 'conditions'
C:\Users\srjsa\source\repos\DB\DB\DB.h(72,47): error C2081: 'list_t': name in formal parameter list illegal
C:\Users\srjsa\source\repos\DB\DB\DB.h(72,47): error C2061: syntax error: identifier 'conditions'
C:\Users\srjsa\source\repos\DB\DB\DB.h(72,47): error C2059: syntax error: ';'
C:\Users\srjsa\source\repos\DB\DB\DB.h(72,57): error C2059: syntax error: ')'
C:\Users\srjsa\source\repos\DB\DB\DB.h(74,8): error C2061: syntax error: identifier 'select'
C:\Users\srjsa\source\repos\DB\DB\DB.h(74,8): error C2059: syntax error: ';'
C:\Users\srjsa\source\repos\DB\DB\DB.h(74,22): error C2146: syntax error: missing ')' before identifier 'columns_names'
C:\Users\srjsa\source\repos\DB\DB\DB.h(74,22): error C2061: syntax error: identifier 'columns_names'
C:\Users\srjsa\source\repos\DB\DB\DB.h(74,35): error C2059: syntax error: ','
C:\Users\srjsa\source\repos\DB\DB\DB.h(74,66): error C2059: syntax error: ')'
C:\Users\srjsa\source\repos\DB\DB\DB.h(76,12): error C2061: syntax error: identifier 'exec_query'
C:\Users\srjsa\source\repos\DB\DB\DB.h(76,12): error C2059: syntax error: ';'
C:\Users\srjsa\source\repos\DB\DB\DB.h(76,27): error C2059: syntax error: '<parameter-list>'
C:\Users\srjsa\source\repos\DB\DB\DB.c(3,47): error C2146: syntax error: missing ')' before identifier 'columns_declaration'
C:\Users\srjsa\source\repos\DB\DB\DB.c(3,47): error C2081: 'list_t': name in formal parameter list illegal
C:\Users\srjsa\source\repos\DB\DB\DB.c(3,47): error C2061: syntax error: identifier 'columns_declaration'
C:\Users\srjsa\source\repos\DB\DB\DB.c(3,47): error C2059: syntax error: ';'
C:\Users\srjsa\source\repos\DB\DB\DB.c(3,66): error C2059: syntax error: ')'
C:\Users\srjsa\source\repos\DB\DB\DB.c(4,1): error C2449: found '{' at file scope (missing function header?)
C:\Users\srjsa\source\repos\DB\DB\DB.c(6,1): error C2059: syntax error: '}'
C:\Users\srjsa\source\repos\DB\DB\DB.c(13,47): error C2146: syntax error: missing ')' before identifier 'column_values'
C:\Users\srjsa\source\repos\DB\DB\DB.c(13,47): error C2081: 'list_t': name in formal parameter list illegal
C:\Users\srjsa\source\repos\DB\DB\DB.c(13,47): error C2061: syntax error: identifier 'column_values'
C:\Users\srjsa\source\repos\DB\DB\DB.c(13,47): error C2059: syntax error: ';'
C:\Users\srjsa\source\repos\DB\DB\DB.c(13,60): error C2059: syntax error: ')'
C:\Users\srjsa\source\repos\DB\DB\DB.c(14,1): error C2449: found '{' at file scope (missing function header?)
C:\Users\srjsa\source\repos\DB\DB\DB.c(16,1): error C2059: syntax error: '}'
C:\Users\srjsa\source\repos\DB\DB\DB.c(23,8): error C2061: syntax error: identifier 'select'
C:\Users\srjsa\source\repos\DB\DB\DB.c(23,8): error C2059: syntax error: ';'
C:\Users\srjsa\source\repos\DB\DB\DB.c(23,22): error C2146: syntax error: missing ')' before identifier 'columns_names'
C:\Users\srjsa\source\repos\DB\DB\DB.c(23,22): error C2061: syntax error: identifier 'columns_names'
C:\Users\srjsa\source\repos\DB\DB\DB.c(23,35): error C2059: syntax error: ','
C:\Users\srjsa\source\repos\DB\DB\DB.c(23,66): error C2059: syntax error: ')'
C:\Users\srjsa\source\repos\DB\DB\DB.c(28,12): error C2061: syntax error: identifier 'exec_query'
C:\Users\srjsa\source\repos\DB\DB\DB.c(28,12): error C2059: syntax error: ';'
C:\Users\srjsa\source\repos\DB\DB\DB.c(28,27): error C2059: syntax error: '<parameter-list>'
